Settings:
  Output files: "/home/guoweilong/Documents/program/BSseeker2/bs_utils/reference_genomes/lambda_TEL.fa_bowtie/C_C2T.*.ebwt"
  Line rate: 6 (line is 64 bytes)
  Lines per side: 1 (side is 64 bytes)
  Offset rate: 5 (one in 32)
  FTable chars: 10
  Strings: unpacked
  Max bucket size: default
  Max bucket size, sqrt multiplier: default
  Max bucket size, len divisor: 4
  Difference-cover sample period: 1024
  Endianness: little
  Actual local endianness: little
  Sanity checking: disabled
  Assertions: disabled
  Random seed: 0
  Sizeofs: void*:8, int:4, long:8, size_t:8
Input files DNA, FASTA:
  /home/guoweilong/Documents/program/BSseeker2/bs_utils/reference_genomes/lambda_TEL.fa_bowtie/C_C2T.fa
Reading reference sizes
  Time reading reference sizes: 00:00:00
Calculating joined length
Writing header
Reserving space for joined string
Joining reference sequences
  Time to join reference sequences: 00:00:00
bmax according to bmaxDivN setting: 12151
Using parameters --bmax 9114 --dcv 1024
  Doing ahead-of-time memory usage test
  Passed!  Constructing with these parameters: --bmax 9114 --dcv 1024
Constructing suffix-array element generator
Building DifferenceCoverSample
  Building sPrime
  Building sPrimeOrder
  V-Sorting samples
  V-Sorting samples time: 00:00:00
  Allocating rank array
  Ranking v-sort output
  Ranking v-sort output time: 00:00:00
  Invoking Larsson-Sadakane on ranks
  Invoking Larsson-Sadakane on ranks time: 00:00:00
  Sanity-checking and returning
Building samples
Reserving space for 12 sample suffixes
Generating random suffixes
QSorting 12 sample offsets, eliminating duplicates
QSorting sample offsets, eliminating duplicates time: 00:00:00
Multikey QSorting 12 samples
  (Using difference cover)
  Multikey QSorting samples time: 00:00:00
Calculating bucket sizes
  Binary sorting into buckets
  10%
  20%
  30%
  40%
  50%
  60%
  70%
  80%
  90%
  100%
  Binary sorting into buckets time: 00:00:00
Splitting and merging
  Splitting and merging time: 00:00:00
Split 1, merged 8; iterating...
  Binary sorting into buckets
  10%
  20%
  30%
  40%
  50%
  60%
  70%
  80%
  90%
  100%
  Binary sorting into buckets time: 00:00:00
Splitting and merging
  Splitting and merging time: 00:00:00
Split 1, merged 0; iterating...
  Binary sorting into buckets
  10%
  20%
  30%
  40%
  50%
  60%
  70%
  80%
  90%
  100%
  Binary sorting into buckets time: 00:00:00
Splitting and merging
  Splitting and merging time: 00:00:00
Split 1, merged 0; iterating...
  Binary sorting into buckets
  10%
  20%
  30%
  40%
  50%
  60%
  70%
  80%
  90%
  100%
  Binary sorting into buckets time: 00:00:00
Splitting and merging
  Splitting and merging time: 00:00:00
Split 1, merged 1; iterating...
  Binary sorting into buckets
  10%
  20%
  30%
  40%
  50%
  60%
  70%
  80%
  90%
  100%
  Binary sorting into buckets time: 00:00:00
Splitting and merging
  Splitting and merging time: 00:00:00
Split 1, merged 1; iterating...
Avg bucket size: 6075 (target: 9113)
Converting suffix-array elements to index image
Allocating ftab, absorbFtab
Entering Ebwt loop
Getting block 1 of 8
  Reserving size (9114) for bucket
  Calculating Z arrays
  Calculating Z arrays time: 00:00:00
  Entering block accumulator loop:
  10%
  20%
  30%
  40%
  50%
  60%
  70%
  80%
  90%
  100%
  Block accumulator loop time: 00:00:00
  Sorting block of length 7037
  (Using difference cover)
  Sorting block time: 00:00:00
Returning block of 7038
Getting block 2 of 8
  Reserving size (9114) for bucket
  Calculating Z arrays
  Calculating Z arrays time: 00:00:00
  Entering block accumulator loop:
  10%
  20%
  30%
  40%
  50%
  60%
  70%
  80%
  90%
  100%
  Block accumulator loop time: 00:00:00
  Sorting block of length 4992
  (Using difference cover)
  Sorting block time: 00:00:00
Returning block of 4993
Getting block 3 of 8
  Reserving size (9114) for bucket
  Calculating Z arrays
  Calculating Z arrays time: 00:00:00
  Entering block accumulator loop:
  10%
  20%
  30%
  40%
  50%
  60%
  70%
  80%
  90%
  100%
  Block accumulator loop time: 00:00:00
  Sorting block of length 4839
  (Using difference cover)
  Sorting block time: 00:00:00
Returning block of 4840
Getting block 4 of 8
  Reserving size (9114) for bucket
  Calculating Z arrays
  Calculating Z arrays time: 00:00:00
  Entering block accumulator loop:
  10%
  20%
  30%
  40%
  50%
  60%
  70%
  80%
  90%
  100%
  Block accumulator loop time: 00:00:00
  Sorting block of length 4954
  (Using difference cover)
  Sorting block time: 00:00:00
Returning block of 4955
Getting block 5 of 8
  Reserving size (9114) for bucket
  Calculating Z arrays
  Calculating Z arrays time: 00:00:00
  Entering block accumulator loop:
  10%
  20%
  30%
  40%
  50%
  60%
  70%
  80%
  90%
  100%
  Block accumulator loop time: 00:00:00
  Sorting block of length 8215
  (Using difference cover)
  Sorting block time: 00:00:00
Returning block of 8216
Getting block 6 of 8
  Reserving size (9114) for bucket
  Calculating Z arrays
  Calculating Z arrays time: 00:00:00
  Entering block accumulator loop:
  10%
  20%
  30%
  40%
  50%
  60%
  70%
  80%
  90%
  100%
  Block accumulator loop time: 00:00:00
  Sorting block of length 9050
  (Using difference cover)
  Sorting block time: 00:00:00
Returning block of 9051
Getting block 7 of 8
  Reserving size (9114) for bucket
  Calculating Z arrays
  Calculating Z arrays time: 00:00:00
  Entering block accumulator loop:
  10%
  20%
  30%
  40%
  50%
  60%
  70%
  80%
  90%
  100%
  Block accumulator loop time: 00:00:00
  Sorting block of length 8859
  (Using difference cover)
  Sorting block time: 00:00:00
Returning block of 8860
Getting block 8 of 8
  Reserving size (9114) for bucket
  Calculating Z arrays
  Calculating Z arrays time: 00:00:00
  Entering block accumulator loop:
  10%
  20%
  30%
  40%
  50%
  60%
  70%
  80%
  90%
  100%
  Block accumulator loop time: 00:00:00
  Sorting block of length 654
  (Using difference cover)
  Sorting block time: 00:00:00
Returning block of 655
Exited Ebwt loop
fchr[A]: 0
fchr[C]: 12031
fchr[G]: 12031
fchr[T]: 23393
fchr[$]: 48607
Exiting Ebwt::buildToDisk()
Returning from initFromVector
Wrote 4208444 bytes to primary EBWT file: /home/guoweilong/Documents/program/BSseeker2/bs_utils/reference_genomes/lambda_TEL.fa_bowtie/C_C2T.1.ebwt
Wrote 6080 bytes to secondary EBWT file: /home/guoweilong/Documents/program/BSseeker2/bs_utils/reference_genomes/lambda_TEL.fa_bowtie/C_C2T.2.ebwt
Re-opening _in1 and _in2 as input streams
Returning from Ebwt constructor
Headers:
    len: 48607
    bwtLen: 48608
    sz: 12152
    bwtSz: 12152
    lineRate: 6
    linesPerSide: 1
    offRate: 5
    offMask: 0xffffffe0
    isaRate: -1
    isaMask: 0xffffffff
    ftabChars: 10
    eftabLen: 20
    eftabSz: 80
    ftabLen: 1048577
    ftabSz: 4194308
    offsLen: 1519
    offsSz: 6076
    isaLen: 0
    isaSz: 0
    lineSz: 64
    sideSz: 64
    sideBwtSz: 56
    sideBwtLen: 224
    numSidePairs: 109
    numSides: 218
    numLines: 218
    ebwtTotLen: 13952
    ebwtTotSz: 13952
    reverse: 0
Total time for call to driver() for forward index: 00:00:00
Reading reference sizes
  Time reading reference sizes: 00:00:00
Calculating joined length
Writing header
Reserving space for joined string
Joining reference sequences
  Time to join reference sequences: 00:00:00
bmax according to bmaxDivN setting: 12151
Using parameters --bmax 9114 --dcv 1024
  Doing ahead-of-time memory usage test
  Passed!  Constructing with these parameters: --bmax 9114 --dcv 1024
Constructing suffix-array element generator
Building DifferenceCoverSample
  Building sPrime
  Building sPrimeOrder
  V-Sorting samples
  V-Sorting samples time: 00:00:00
  Allocating rank array
  Ranking v-sort output
  Ranking v-sort output time: 00:00:00
  Invoking Larsson-Sadakane on ranks
  Invoking Larsson-Sadakane on ranks time: 00:00:00
  Sanity-checking and returning
Building samples
Reserving space for 12 sample suffixes
Generating random suffixes
QSorting 12 sample offsets, eliminating duplicates
QSorting sample offsets, eliminating duplicates time: 00:00:00
Multikey QSorting 12 samples
  (Using difference cover)
  Multikey QSorting samples time: 00:00:00
Calculating bucket sizes
  Binary sorting into buckets
  10%
  20%
  30%
  40%
  50%
  60%
  70%
  80%
  90%
  100%
  Binary sorting into buckets time: 00:00:00
Splitting and merging
  Splitting and merging time: 00:00:00
Avg bucket size: 6943 (target: 9113)
Converting suffix-array elements to index image
Allocating ftab, absorbFtab
Entering Ebwt loop
Getting block 1 of 7
  Reserving size (9114) for bucket
  Calculating Z arrays
  Calculating Z arrays time: 00:00:00
  Entering block accumulator loop:
  10%
  20%
  30%
  40%
  50%
  60%
  70%
  80%
  90%
  100%
  Block accumulator loop time: 00:00:00
  Sorting block of length 3697
  (Using difference cover)
  Sorting block time: 00:00:00
Returning block of 3698
Getting block 2 of 7
  Reserving size (9114) for bucket
  Calculating Z arrays
  Calculating Z arrays time: 00:00:00
  Entering block accumulator loop:
  10%
  20%
  30%
  40%
  50%
  60%
  70%
  80%
  90%
  100%
  Block accumulator loop time: 00:00:00
  Sorting block of length 8493
  (Using difference cover)
  Sorting block time: 00:00:00
Returning block of 8494
Getting block 3 of 7
  Reserving size (9114) for bucket
  Calculating Z arrays
  Calculating Z arrays time: 00:00:00
  Entering block accumulator loop:
  10%
  20%
  30%
  40%
  50%
  60%
  70%
  80%
  90%
  100%
  Block accumulator loop time: 00:00:00
  Sorting block of length 9032
  (Using difference cover)
  Sorting block time: 00:00:00
Returning block of 9033
Getting block 4 of 7
  Reserving size (9114) for bucket
  Calculating Z arrays
  Calculating Z arrays time: 00:00:00
  Entering block accumulator loop:
  10%
  20%
  30%
  40%
  50%
  60%
  70%
  80%
  90%
  100%
  Block accumulator loop time: 00:00:00
  Sorting block of length 8328
  (Using difference cover)
  Sorting block time: 00:00:00
Returning block of 8329
Getting block 5 of 7
  Reserving size (9114) for bucket
  Calculating Z arrays
  Calculating Z arrays time: 00:00:00
  Entering block accumulator loop:
  10%
  20%
  30%
  40%
  50%
  60%
  70%
  80%
  90%
  100%
  Block accumulator loop time: 00:00:00
  Sorting block of length 7263
  (Using difference cover)
  Sorting block time: 00:00:00
Returning block of 7264
Getting block 6 of 7
  Reserving size (9114) for bucket
  Calculating Z arrays
  Calculating Z arrays time: 00:00:00
  Entering block accumulator loop:
  10%
  20%
  30%
  40%
  50%
  60%
  70%
  80%
  90%
  100%
  Block accumulator loop time: 00:00:00
  Sorting block of length 4556
  (Using difference cover)
  Sorting block time: 00:00:00
Returning block of 4557
Getting block 7 of 7
  Reserving size (9114) for bucket
  Calculating Z arrays
  Calculating Z arrays time: 00:00:00
  Entering block accumulator loop:
  10%
  20%
  30%
  40%
  50%
  60%
  70%
  80%
  90%
  100%
  Block accumulator loop time: 00:00:00
  Sorting block of length 7232
  (Using difference cover)
  Sorting block time: 00:00:00
Returning block of 7233
Exited Ebwt loop
fchr[A]: 0
fchr[C]: 12031
fchr[G]: 12031
fchr[T]: 23393
fchr[$]: 48607
Exiting Ebwt::buildToDisk()
Returning from initFromVector
Wrote 4208444 bytes to primary EBWT file: /home/guoweilong/Documents/program/BSseeker2/bs_utils/reference_genomes/lambda_TEL.fa_bowtie/C_C2T.rev.1.ebwt
Wrote 6080 bytes to secondary EBWT file: /home/guoweilong/Documents/program/BSseeker2/bs_utils/reference_genomes/lambda_TEL.fa_bowtie/C_C2T.rev.2.ebwt
Re-opening _in1 and _in2 as input streams
Returning from Ebwt constructor
Headers:
    len: 48607
    bwtLen: 48608
    sz: 12152
    bwtSz: 12152
    lineRate: 6
    linesPerSide: 1
    offRate: 5
    offMask: 0xffffffe0
    isaRate: -1
    isaMask: 0xffffffff
    ftabChars: 10
    eftabLen: 20
    eftabSz: 80
    ftabLen: 1048577
    ftabSz: 4194308
    offsLen: 1519
    offsSz: 6076
    isaLen: 0
    isaSz: 0
    lineSz: 64
    sideSz: 64
    sideBwtSz: 56
    sideBwtLen: 224
    numSidePairs: 109
    numSides: 218
    numLines: 218
    ebwtTotLen: 13952
    ebwtTotSz: 13952
    reverse: 0
Total time for backward call to driver() for mirror index: 00:00:00
