Settings:
  Output files: "/Users/weilongguo/Documents/program/BSseeker2/bs_utils/reference_genomes/genome.fa_rrbs_20_500_bowtie2/W_G2A.*.bt2"
  Line rate: 6 (line is 64 bytes)
  Lines per side: 1 (side is 64 bytes)
  Offset rate: 4 (one in 16)
  FTable chars: 10
  Strings: unpacked
  Max bucket size: default
  Max bucket size, sqrt multiplier: default
  Max bucket size, len divisor: 4
  Difference-cover sample period: 1024
  Endianness: little
  Actual local endianness: little
  Sanity checking: disabled
  Assertions: disabled
  Random seed: 0
  Sizeofs: void*:8, int:4, long:8, size_t:8
Input files DNA, FASTA:
  /Users/weilongguo/Documents/program/BSseeker2/bs_utils/reference_genomes/genome.fa_rrbs_20_500_bowtie2/W_G2A.fa
Reading reference sizes
  Time reading reference sizes: 00:00:00
Calculating joined length
Writing header
Reserving space for joined string
Joining reference sequences
  Time to join reference sequences: 00:00:00
bmax according to bmaxDivN setting: 10078
Using parameters --bmax 7559 --dcv 1024
  Doing ahead-of-time memory usage test
  Passed!  Constructing with these parameters: --bmax 7559 --dcv 1024
Constructing suffix-array element generator
Building DifferenceCoverSample
  Building sPrime
  Building sPrimeOrder
  V-Sorting samples
  V-Sorting samples time: 00:00:00
  Allocating rank array
  Ranking v-sort output
  Ranking v-sort output time: 00:00:00
  Invoking Larsson-Sadakane on ranks
  Invoking Larsson-Sadakane on ranks time: 00:00:00
  Sanity-checking and returning
Building samples
Reserving space for 12 sample suffixes
Generating random suffixes
QSorting 12 sample offsets, eliminating duplicates
QSorting sample offsets, eliminating duplicates time: 00:00:00
Multikey QSorting 12 samples
  (Using difference cover)
  Multikey QSorting samples time: 00:00:00
Calculating bucket sizes
Splitting and merging
  Splitting and merging time: 00:00:00
Split 2, merged 7; iterating...
Splitting and merging
  Splitting and merging time: 00:00:00
Avg bucket size: 5758.14 (target: 7558)
Converting suffix-array elements to index image
Allocating ftab, absorbFtab
Entering Ebwt loop
Getting block 1 of 7
  Reserving size (7559) for bucket 1
  Calculating Z arrays for bucket 1
  Entering block accumulator loop for bucket 1:
  bucket 1: 10%
  bucket 1: 20%
  bucket 1: 30%
  bucket 1: 40%
  bucket 1: 50%
  bucket 1: 60%
  bucket 1: 70%
  bucket 1: 80%
  bucket 1: 90%
  bucket 1: 100%
  Sorting block of length 5979 for bucket 1
  (Using difference cover)
  Sorting block time: 00:00:00
Returning block of 5980 for bucket 1
Getting block 2 of 7
  Reserving size (7559) for bucket 2
  Calculating Z arrays for bucket 2
  Entering block accumulator loop for bucket 2:
  bucket 2: 10%
  bucket 2: 20%
  bucket 2: 30%
  bucket 2: 40%
  bucket 2: 50%
  bucket 2: 60%
  bucket 2: 70%
  bucket 2: 80%
  bucket 2: 90%
  bucket 2: 100%
  Sorting block of length 3770 for bucket 2
  (Using difference cover)
  Sorting block time: 00:00:00
Returning block of 3771 for bucket 2
Getting block 3 of 7
  Reserving size (7559) for bucket 3
  Calculating Z arrays for bucket 3
  Entering block accumulator loop for bucket 3:
  bucket 3: 10%
  bucket 3: 20%
  bucket 3: 30%
  bucket 3: 40%
  bucket 3: 50%
  bucket 3: 60%
  bucket 3: 70%
  bucket 3: 80%
  bucket 3: 90%
  bucket 3: 100%
  Sorting block of length 5666 for bucket 3
  (Using difference cover)
  Sorting block time: 00:00:00
Returning block of 5667 for bucket 3
Getting block 4 of 7
  Reserving size (7559) for bucket 4
  Calculating Z arrays for bucket 4
  Entering block accumulator loop for bucket 4:
  bucket 4: 10%
  bucket 4: 20%
  bucket 4: 30%
  bucket 4: 40%
  bucket 4: 50%
  bucket 4: 60%
  bucket 4: 70%
  bucket 4: 80%
  bucket 4: 90%
  bucket 4: 100%
  Sorting block of length 6281 for bucket 4
  (Using difference cover)
  Sorting block time: 00:00:00
Returning block of 6282 for bucket 4
Getting block 5 of 7
  Reserving size (7559) for bucket 5
  Calculating Z arrays for bucket 5
  Entering block accumulator loop for bucket 5:
  bucket 5: 10%
  bucket 5: 20%
  bucket 5: 30%
  bucket 5: 40%
  bucket 5: 50%
  bucket 5: 60%
  bucket 5: 70%
  bucket 5: 80%
  bucket 5: 90%
  bucket 5: 100%
  Sorting block of length 5470 for bucket 5
  (Using difference cover)
  Sorting block time: 00:00:00
Returning block of 5471 for bucket 5
Getting block 6 of 7
  Reserving size (7559) for bucket 6
  Calculating Z arrays for bucket 6
  Entering block accumulator loop for bucket 6:
  bucket 6: 10%
  bucket 6: 20%
  bucket 6: 30%
  bucket 6: 40%
  bucket 6: 50%
  bucket 6: 60%
  bucket 6: 70%
  bucket 6: 80%
  bucket 6: 90%
  bucket 6: 100%
  Sorting block of length 6445 for bucket 6
  (Using difference cover)
  Sorting block time: 00:00:00
Returning block of 6446 for bucket 6
Getting block 7 of 7
  Reserving size (7559) for bucket 7
  Calculating Z arrays for bucket 7
  Entering block accumulator loop for bucket 7:
  bucket 7: 10%
  bucket 7: 20%
  bucket 7: 30%
  bucket 7: 40%
  bucket 7: 50%
  bucket 7: 60%
  bucket 7: 70%
  bucket 7: 80%
  bucket 7: 90%
  bucket 7: 100%
  Sorting block of length 6696 for bucket 7
  (Using difference cover)
  Sorting block time: 00:00:00
Returning block of 6697 for bucket 7
Exited Ebwt loop
fchr[A]: 0
fchr[C]: 20488
fchr[G]: 31819
fchr[T]: 31819
fchr[$]: 40313
Exiting Ebwt::buildToDisk()
Returning from initFromVector
Wrote 4209146 bytes to primary EBWT file: /Users/weilongguo/Documents/program/BSseeker2/bs_utils/reference_genomes/genome.fa_rrbs_20_500_bowtie2/W_G2A.1.bt2
Wrote 10084 bytes to secondary EBWT file: /Users/weilongguo/Documents/program/BSseeker2/bs_utils/reference_genomes/genome.fa_rrbs_20_500_bowtie2/W_G2A.2.bt2
Re-opening _in1 and _in2 as input streams
Returning from Ebwt constructor
Headers:
    len: 40313
    bwtLen: 40314
    sz: 10079
    bwtSz: 10079
    lineRate: 6
    offRate: 4
    offMask: 0xfffffff0
    ftabChars: 10
    eftabLen: 20
    eftabSz: 80
    ftabLen: 1048577
    ftabSz: 4194308
    offsLen: 2520
    offsSz: 10080
    lineSz: 64
    sideSz: 64
    sideBwtSz: 48
    sideBwtLen: 192
    numSides: 210
    numLines: 210
    ebwtTotLen: 13440
    ebwtTotSz: 13440
    color: 0
    reverse: 0
Total time for call to driver() for forward index: 00:00:00
Reading reference sizes
  Time reading reference sizes: 00:00:00
Calculating joined length
Writing header
Reserving space for joined string
Joining reference sequences
  Time to join reference sequences: 00:00:00
  Time to reverse reference sequence: 00:00:00
bmax according to bmaxDivN setting: 10078
Using parameters --bmax 7559 --dcv 1024
  Doing ahead-of-time memory usage test
  Passed!  Constructing with these parameters: --bmax 7559 --dcv 1024
Constructing suffix-array element generator
Building DifferenceCoverSample
  Building sPrime
  Building sPrimeOrder
  V-Sorting samples
  V-Sorting samples time: 00:00:00
  Allocating rank array
  Ranking v-sort output
  Ranking v-sort output time: 00:00:00
  Invoking Larsson-Sadakane on ranks
  Invoking Larsson-Sadakane on ranks time: 00:00:00
  Sanity-checking and returning
Building samples
Reserving space for 12 sample suffixes
Generating random suffixes
QSorting 12 sample offsets, eliminating duplicates
QSorting sample offsets, eliminating duplicates time: 00:00:00
Multikey QSorting 12 samples
  (Using difference cover)
  Multikey QSorting samples time: 00:00:00
Calculating bucket sizes
Splitting and merging
  Splitting and merging time: 00:00:00
Split 1, merged 7; iterating...
Splitting and merging
  Splitting and merging time: 00:00:00
Avg bucket size: 5758.14 (target: 7558)
Converting suffix-array elements to index image
Allocating ftab, absorbFtab
Entering Ebwt loop
Getting block 1 of 7
  Reserving size (7559) for bucket 1
  Calculating Z arrays for bucket 1
  Entering block accumulator loop for bucket 1:
  bucket 1: 10%
  bucket 1: 20%
  bucket 1: 30%
  bucket 1: 40%
  bucket 1: 50%
  bucket 1: 60%
  bucket 1: 70%
  bucket 1: 80%
  bucket 1: 90%
  bucket 1: 100%
  Sorting block of length 6784 for bucket 1
  (Using difference cover)
  Sorting block time: 00:00:00
Returning block of 6785 for bucket 1
Getting block 2 of 7
  Reserving size (7559) for bucket 2
  Calculating Z arrays for bucket 2
  Entering block accumulator loop for bucket 2:
  bucket 2: 10%
  bucket 2: 20%
  bucket 2: 30%
  bucket 2: 40%
  bucket 2: 50%
  bucket 2: 60%
  bucket 2: 70%
  bucket 2: 80%
  bucket 2: 90%
  bucket 2: 100%
  Sorting block of length 6709 for bucket 2
  (Using difference cover)
  Sorting block time: 00:00:00
Returning block of 6710 for bucket 2
Getting block 3 of 7
  Reserving size (7559) for bucket 3
  Calculating Z arrays for bucket 3
  Entering block accumulator loop for bucket 3:
  bucket 3: 10%
  bucket 3: 20%
  bucket 3: 30%
  bucket 3: 40%
  bucket 3: 50%
  bucket 3: 60%
  bucket 3: 70%
  bucket 3: 80%
  bucket 3: 90%
  bucket 3: 100%
  Sorting block of length 6431 for bucket 3
  (Using difference cover)
  Sorting block time: 00:00:00
Returning block of 6432 for bucket 3
Getting block 4 of 7
  Reserving size (7559) for bucket 4
  Calculating Z arrays for bucket 4
  Entering block accumulator loop for bucket 4:
  bucket 4: 10%
  bucket 4: 20%
  bucket 4: 30%
  bucket 4: 40%
  bucket 4: 50%
  bucket 4: 60%
  bucket 4: 70%
  bucket 4: 80%
  bucket 4: 90%
  bucket 4: 100%
  Sorting block of length 5554 for bucket 4
  (Using difference cover)
  Sorting block time: 00:00:00
Returning block of 5555 for bucket 4
Getting block 5 of 7
  Reserving size (7559) for bucket 5
  Calculating Z arrays for bucket 5
  Entering block accumulator loop for bucket 5:
  bucket 5: 10%
  bucket 5: 20%
  bucket 5: 30%
  bucket 5: 40%
  bucket 5: 50%
  bucket 5: 60%
  bucket 5: 70%
  bucket 5: 80%
  bucket 5: 90%
  bucket 5: 100%
  Sorting block of length 4606 for bucket 5
  (Using difference cover)
  Sorting block time: 00:00:00
Returning block of 4607 for bucket 5
Getting block 6 of 7
  Reserving size (7559) for bucket 6
  Calculating Z arrays for bucket 6
  Entering block accumulator loop for bucket 6:
  bucket 6: 10%
  bucket 6: 20%
  bucket 6: 30%
  bucket 6: 40%
  bucket 6: 50%
  bucket 6: 60%
  bucket 6: 70%
  bucket 6: 80%
  bucket 6: 90%
  bucket 6: 100%
  Sorting block of length 4022 for bucket 6
  (Using difference cover)
  Sorting block time: 00:00:00
Returning block of 4023 for bucket 6
Getting block 7 of 7
  Reserving size (7559) for bucket 7
  Calculating Z arrays for bucket 7
  Entering block accumulator loop for bucket 7:
  bucket 7: 10%
  bucket 7: 20%
  bucket 7: 30%
  bucket 7: 40%
  bucket 7: 50%
  bucket 7: 60%
  bucket 7: 70%
  bucket 7: 80%
  bucket 7: 90%
  bucket 7: 100%
  Sorting block of length 6201 for bucket 7
  (Using difference cover)
  Sorting block time: 00:00:00
Returning block of 6202 for bucket 7
Exited Ebwt loop
fchr[A]: 0
fchr[C]: 20488
fchr[G]: 31819
fchr[T]: 31819
fchr[$]: 40313
Exiting Ebwt::buildToDisk()
Returning from initFromVector
Wrote 4209146 bytes to primary EBWT file: /Users/weilongguo/Documents/program/BSseeker2/bs_utils/reference_genomes/genome.fa_rrbs_20_500_bowtie2/W_G2A.rev.1.bt2
Wrote 10084 bytes to secondary EBWT file: /Users/weilongguo/Documents/program/BSseeker2/bs_utils/reference_genomes/genome.fa_rrbs_20_500_bowtie2/W_G2A.rev.2.bt2
Re-opening _in1 and _in2 as input streams
Returning from Ebwt constructor
Headers:
    len: 40313
    bwtLen: 40314
    sz: 10079
    bwtSz: 10079
    lineRate: 6
    offRate: 4
    offMask: 0xfffffff0
    ftabChars: 10
    eftabLen: 20
    eftabSz: 80
    ftabLen: 1048577
    ftabSz: 4194308
    offsLen: 2520
    offsSz: 10080
    lineSz: 64
    sideSz: 64
    sideBwtSz: 48
    sideBwtLen: 192
    numSides: 210
    numLines: 210
    ebwtTotLen: 13440
    ebwtTotSz: 13440
    color: 0
    reverse: 1
Total time for backward call to driver() for mirror index: 00:00:01
